#
# A fatal error has been detected by the Java Runtime Environment:
#
#  EXCEPTION_ACCESS_VIOLATION (0xc0000005) at pc=0x00000000702d8a7c, pid=5532, tid=7624
#
# JRE version: Java(TM) SE Runtime Environment (8.0_05-b13) (build 1.8.0_05-b13)
# Java VM: Java HotSpot(TM) 64-Bit Server VM (25.5-b02 mixed mode windows-amd64 compressed oops)
# Problematic frame:
# V  [jvm.dll+0x4d8a7c]
#
# Failed to write core dump. Minidumps are not enabled by default on client versions of Windows
#
# If you would like to submit a bug report, please visit:
#   http://bugreport.sun.com/bugreport/crash.jsp
#

---------------  T H R E A D  ---------------

Current thread (0x0000000015364800):  JavaThread "C2 CompilerThread0" daemon [_thread_in_native, id=7624, stack(0x00000000169c0000,0x0000000016ac0000)]

siginfo: ExceptionCode=0xc0000005, reading address 0x0000003517f78f1c

Registers:
RAX=0x0000000016abc3e0, RBX=0x0000000000000020, RCX=0x00000000182c6d50, RDX=0x0000000000000373
RSP=0x0000000016abbfa0, RBP=0x0000000016abc0a0, RSI=0x0000000000000001, RDI=0x0000000016abc400
R8 =0x0000000000000004, R9 =0x0000000000000004, R10=0x0000003517f78ed0, R11=0x0000000016abc470
R12=0x0000000017f78d80, R13=0x0000000000000008, R14=0x0000000000000001, R15=0x0000000000000001
RIP=0x00000000702d8a7c, EFLAGS=0x0000000000010246

Top of Stack: (sp=0x0000000016abbfa0)
0x0000000016abbfa0:   0000000016abc470 0000000018a15bd0
0x0000000016abbfb0:   0000000000000001 0000000017f78ed0
0x0000000016abbfc0:   0000000018314100 00000000183140c0
0x0000000016abbfd0:   0000000000000001 00000000ffffffff
0x0000000016abbfe0:   0000000017f78d80 0000002000000000
0x0000000016abbff0:   0000000000000000 0000000070230700
0x0000000016abc000:   0000000018607d10 0000000000000000
0x0000000016abc010:   0000000017927560 000000010000009d
0x0000000016abc020:   0000003517f78ed0 0000000000000008
0x0000000016abc030:   0000000017925c10 000000000000009d
0x0000000016abc040:   0000000000000040 000000001777e310
0x0000000016abc050:   000000000029e3e0 0000000017776e60
0x0000000016abc060:   000000001777ee48 0000000015364ec0
0x0000000016abc070:   0000000000000000 0000000000000000
0x0000000016abc080:   0000000000000000 0000000000000000
0x0000000016abc090:   0000000000000000 0000000000091f00 

Instructions: (pc=0x00000000702d8a7c)
0x00000000702d8a5c:   7d a0 44 3b b5 80 00 00 00 0f 82 c7 fe ff ff 8b
0x00000000702d8a6c:   5c 24 4c 8b b5 88 00 00 00 44 8b bd 80 00 00 00
0x00000000702d8a7c:   41 8b 7a 4c 4c 8b 75 90 49 83 3c fe 00 0f 84 ce
0x00000000702d8a8c:   02 00 00 45 8b 4a 48 45 33 c0 45 85 c9 74 23 49 


Register to memory mapping:

RAX=0x0000000016abc3e0 is pointing into the stack for thread: 0x0000000015364800
RBX=0x0000000000000020 is an unknown value
RCX=0x00000000182c6d50 is an unknown value
RDX=0x0000000000000373 is an unknown value
RSP=0x0000000016abbfa0 is pointing into the stack for thread: 0x0000000015364800
RBP=0x0000000016abc0a0 is pointing into the stack for thread: 0x0000000015364800
RSI=0x0000000000000001 is an unknown value
RDI=0x0000000016abc400 is pointing into the stack for thread: 0x0000000015364800
R8 =0x0000000000000004 is an unknown value
R9 =0x0000000000000004 is an unknown value
R10=0x0000003517f78ed0 is an unknown value
R11=0x0000000016abc470 is pointing into the stack for thread: 0x0000000015364800
R12=0x0000000017f78d80 is an unknown value
R13=0x0000000000000008 is an unknown value
R14=0x0000000000000001 is an unknown value
R15=0x0000000000000001 is an unknown value


Stack: [0x00000000169c0000,0x0000000016ac0000],  sp=0x0000000016abbfa0,  free space=1007k
Native frames: (J=compiled Java code, j=interpreted, Vv=VM code, C=native code)
V  [jvm.dll+0x4d8a7c]
V  [jvm.dll+0x4365f9]
V  [jvm.dll+0x44111e]
V  [jvm.dll+0x4436a9]
V  [jvm.dll+0x427532]
V  [jvm.dll+0x96702]
V  [jvm.dll+0x96ef3]
V  [jvm.dll+0x2232c4]
V  [jvm.dll+0x27baca]
C  [msvcr100.dll+0x21d9f]
C  [msvcr100.dll+0x21e3b]
C  [kernel32.dll+0x159ed]
C  [ntdll.dll+0x2c541]


Current CompileTask:
C2:   2373 1608       4       com.android.dx.ssa.SCCP::simulatePhi (169 bytes)


---------------  P R O C E S S  ---------------

Java Threads: ( => current thread )
  0x0000000016d8c000 JavaThread "Service Thread" daemon [_thread_blocked, id=7600, stack(0x0000000016b20000,0x0000000016c20000)]
  0x000000001536f800 JavaThread "C1 CompilerThread2" daemon [_thread_blocked, id=6352, stack(0x00000000171c0000,0x00000000172c0000)]
  0x000000001536e000 JavaThread "C2 CompilerThread1" daemon [_thread_in_native, id=8088, stack(0x0000000016c30000,0x0000000016d30000)]
=>0x0000000015364800 JavaThread "C2 CompilerThread0" daemon [_thread_in_native, id=7624, stack(0x00000000169c0000,0x0000000016ac0000)]
  0x0000000015362800 JavaThread "Attach Listener" daemon [_thread_blocked, id=6300, stack(0x00000000167b0000,0x00000000168b0000)]
  0x0000000015360000 JavaThread "Signal Dispatcher" daemon [_thread_blocked, id=7456, stack(0x00000000165a0000,0x00000000166a0000)]
  0x0000000015304000 JavaThread "Finalizer" daemon [_thread_blocked, id=5992, stack(0x00000000164a0000,0x00000000165a0000)]
  0x00000000152fa800 JavaThread "Reference Handler" daemon [_thread_blocked, id=3016, stack(0x00000000162c0000,0x00000000163c0000)]
  0x00000000025df000 JavaThread "main" [_thread_in_Java, id=7016, stack(0x0000000002930000,0x0000000002a30000)]

Other Threads:
  0x00000000152f7000 VMThread [stack: 0x00000000160e0000,0x00000000161e0000] [id=6620]
  0x0000000016d97800 WatcherThread [stack: 0x00000000173e0000,0x00000000174e0000] [id=3724]

VM state:not at safepoint (normal execution)

VM Mutex/Monitor currently owned by a thread: None

Heap:
 PSYoungGen      total 55808K, used 50668K [0x00000000eab00000, 0x00000000ee980000, 0x0000000100000000)
  eden space 50688K, 90% used [0x00000000eab00000,0x00000000ed7eb848,0x00000000edc80000)
  from space 5120K, 91% used [0x00000000ee280000,0x00000000ee70f850,0x00000000ee780000)
  to   space 6144K, 0% used [0x00000000edc80000,0x00000000edc80000,0x00000000ee280000)
 ParOldGen       total 129536K, used 19776K [0x00000000c0000000, 0x00000000c7e80000, 0x00000000eab00000)
  object space 129536K, 15% used [0x00000000c0000000,0x00000000c1350330,0x00000000c7e80000)
 Metaspace       used 5733K, capacity 7024K, committed 7296K, reserved 1056768K
  class space    used 580K, capacity 616K, committed 640K, reserved 1048576K

Card table byte_map: [0x0000000011df0000,0x0000000012000000] byte_map_base: 0x00000000117f0000

Marking Bits: (ParMarkBitMap*) 0x00000000705b13b0
 Begin Bits: [0x0000000012770000, 0x0000000013770000)
 End Bits:   [0x0000000013770000, 0x0000000014770000)

Polling page: 0x0000000000230000

CodeCache: size=245760Kb used=6921Kb max_used=6921Kb free=238838Kb
 bounds [0x0000000002a30000, 0x0000000003100000, 0x0000000011a30000]
 total_blobs=2123 nmethods=1864 adapters=173
 compilation: enabled

Compilation events (10 events):
Event: 2.357 Thread 0x000000001536f800 1903       2       com.android.dx.dex.code.form.Form12x::isCompatible (119 bytes)
Event: 2.357 Thread 0x000000001536f800 nmethod 1903 0x00000000030efbd0 code [0x00000000030efd80, 0x00000000030f01c8]
Event: 2.357 Thread 0x000000001536f800 1904 %     3       com.android.dx.rop.code.RegisterSpecSet::withOffset @ 20 (77 bytes)
Event: 2.357 Thread 0x000000001536f800 nmethod 1904% 0x00000000030f0590 code [0x00000000030f0780, 0x00000000030f12d8]
Event: 2.357 Thread 0x000000001536f800 1906       2       com.android.dx.dex.code.HighRegisterPrefix::codeSize (45 bytes)
Event: 2.358 Thread 0x000000001536f800 nmethod 1906 0x00000000030f1890 code [0x00000000030f1a00, 0x00000000030f1c58]
Event: 2.358 Thread 0x000000001536f800 1905       2       com.android.dx.dex.code.DalvInsn::makeMove (153 bytes)
Event: 2.358 Thread 0x000000001536f800 nmethod 1905 0x00000000030f1e10 code [0x00000000030f2020, 0x00000000030f2848]
Event: 2.358 Thread 0x000000001536f800 1907       2       com.android.dx.dex.code.LocalList$MakeState::endLocal (51 bytes)
Event: 2.359 Thread 0x000000001536f800 nmethod 1907 0x00000000030f3450 code [0x00000000030f3600, 0x00000000030f3948]

GC Heap History (10 events):
Event: 0.976 GC heap before
{Heap before GC invocations=12 (full 0):
 PSYoungGen      total 15360K, used 13920K [0x00000000eab00000, 0x00000000ec480000, 0x0000000100000000)
  eden space 12288K, 100% used [0x00000000eab00000,0x00000000eb700000,0x00000000eb700000)
  from space 3072K, 53% used [0x00000000eb700000,0x00000000eb898000,0x00000000eba00000)
  to   space 3072K, 0% used [0x00000000ec180000,0x00000000ec180000,0x00000000ec480000)
 ParOldGen       total 129536K, used 6090K [0x00000000c0000000, 0x00000000c7e80000, 0x00000000eab00000)
  object space 129536K, 4% used [0x00000000c0000000,0x00000000c05f2808,0x00000000c7e80000)
 Metaspace       used 5311K, capacity 6768K, committed 7040K, reserved 1056768K
  class space    used 540K, capacity 616K, committed 640K, reserved 1048576K
Event: 1.042 GC heap after
Heap after GC invocations=12 (full 0):
 PSYoungGen      total 23040K, used 2016K [0x00000000eab00000, 0x00000000ec480000, 0x0000000100000000)
  eden space 19968K, 0% used [0x00000000eab00000,0x00000000eab00000,0x00000000ebe80000)
  from space 3072K, 65% used [0x00000000ec180000,0x00000000ec378010,0x00000000ec480000)
  to   space 3072K, 0% used [0x00000000ebe80000,0x00000000ebe80000,0x00000000ec180000)
 ParOldGen       total 129536K, used 7592K [0x00000000c0000000, 0x00000000c7e80000, 0x00000000eab00000)
  object space 129536K, 5% used [0x00000000c0000000,0x00000000c076a3c8,0x00000000c7e80000)
 Metaspace       used 5311K, capacity 6768K, committed 7040K, reserved 1056768K
  class space    used 540K, capacity 616K, committed 640K, reserved 1048576K
}
Event: 1.247 GC heap before
{Heap before GC invocations=13 (full 0):
 PSYoungGen      total 23040K, used 21984K [0x00000000eab00000, 0x00000000ec480000, 0x0000000100000000)
  eden space 19968K, 100% used [0x00000000eab00000,0x00000000ebe80000,0x00000000ebe80000)
  from space 3072K, 65% used [0x00000000ec180000,0x00000000ec378010,0x00000000ec480000)
  to   space 3072K, 0% used [0x00000000ebe80000,0x00000000ebe80000,0x00000000ec180000)
 ParOldGen       total 129536K, used 7592K [0x00000000c0000000, 0x00000000c7e80000, 0x00000000eab00000)
  object space 129536K, 5% used [0x00000000c0000000,0x00000000c076a3c8,0x00000000c7e80000)
 Metaspace       used 5326K, capacity 6832K, committed 7040K, reserved 1056768K
  class space    used 540K, capacity 616K, committed 640K, reserved 1048576K
Event: 1.279 GC heap after
Heap after GC invocations=13 (full 0):
 PSYoungGen      total 23040K, used 3072K [0x00000000eab00000, 0x00000000ed380000, 0x0000000100000000)
  eden space 19968K, 0% used [0x00000000eab00000,0x00000000eab00000,0x00000000ebe80000)
  from space 3072K, 100% used [0x00000000ebe80000,0x00000000ec180000,0x00000000ec180000)
  to   space 4608K, 0% used [0x00000000ecf00000,0x00000000ecf00000,0x00000000ed380000)
 ParOldGen       total 129536K, used 9700K [0x00000000c0000000, 0x00000000c7e80000, 0x00000000eab00000)
  object space 129536K, 7% used [0x00000000c0000000,0x00000000c09793d8,0x00000000c7e80000)
 Metaspace       used 5326K, capacity 6832K, committed 7040K, reserved 1056768K
  class space    used 540K, capacity 616K, committed 640K, reserved 1048576K
}
Event: 1.392 GC heap before
{Heap before GC invocations=14 (full 0):
 PSYoungGen      total 23040K, used 23040K [0x00000000eab00000, 0x00000000ed380000, 0x0000000100000000)
  eden space 19968K, 100% used [0x00000000eab00000,0x00000000ebe80000,0x00000000ebe80000)
  from space 3072K, 100% used [0x00000000ebe80000,0x00000000ec180000,0x00000000ec180000)
  to   space 4608K, 0% used [0x00000000ecf00000,0x00000000ecf00000,0x00000000ed380000)
 ParOldGen       total 129536K, used 9700K [0x00000000c0000000, 0x00000000c7e80000, 0x00000000eab00000)
  object space 129536K, 7% used [0x00000000c0000000,0x00000000c09793d8,0x00000000c7e80000)
 Metaspace       used 5420K, capacity 6832K, committed 7040K, reserved 1056768K
  class space    used 559K, capacity 616K, committed 640K, reserved 1048576K
Event: 1.418 GC heap after
Heap after GC invocations=14 (full 0):
 PSYoungGen      total 36864K, used 3168K [0x00000000eab00000, 0x00000000ed380000, 0x0000000100000000)
  eden space 32256K, 0% used [0x00000000eab00000,0x00000000eab00000,0x00000000eca80000)
  from space 4608K, 68% used [0x00000000ecf00000,0x00000000ed218000,0x00000000ed380000)
  to   space 4608K, 0% used [0x00000000eca80000,0x00000000eca80000,0x00000000ecf00000)
 ParOldGen       total 129536K, used 12634K [0x00000000c0000000, 0x00000000c7e80000, 0x00000000eab00000)
  object space 129536K, 9% used [0x00000000c0000000,0x00000000c0c569c8,0x00000000c7e80000)
 Metaspace       used 5420K, capacity 6832K, committed 7040K, reserved 1056768K
  class space    used 559K, capacity 616K, committed 640K, reserved 1048576K
}
Event: 1.580 GC heap before
{Heap before GC invocations=15 (full 0):
 PSYoungGen      total 36864K, used 35424K [0x00000000eab00000, 0x00000000ed380000, 0x0000000100000000)
  eden space 32256K, 100% used [0x00000000eab00000,0x00000000eca80000,0x00000000eca80000)
  from space 4608K, 68% used [0x00000000ecf00000,0x00000000ed218000,0x00000000ed380000)
  to   space 4608K, 0% used [0x00000000eca80000,0x00000000eca80000,0x00000000ecf00000)
 ParOldGen       total 129536K, used 12634K [0x00000000c0000000, 0x00000000c7e80000, 0x00000000eab00000)
  object space 129536K, 9% used [0x00000000c0000000,0x00000000c0c569c8,0x00000000c7e80000)
 Metaspace       used 5439K, capacity 6832K, committed 7040K, reserved 1056768K
  class space    used 559K, capacity 616K, committed 640K, reserved 1048576K
Event: 1.764 GC heap after
Heap after GC invocations=15 (full 0):
 PSYoungGen      total 36864K, used 4384K [0x00000000eab00000, 0x00000000ee780000, 0x0000000100000000)
  eden space 32256K, 0% used [0x00000000eab00000,0x00000000eab00000,0x00000000eca80000)
  from space 4608K, 95% used [0x00000000eca80000,0x00000000ecec8268,0x00000000ecf00000)
  to   space 5120K, 0% used [0x00000000ee280000,0x00000000ee280000,0x00000000ee780000)
 ParOldGen       total 129536K, used 15635K [0x00000000c0000000, 0x00000000c7e80000, 0x00000000eab00000)
  object space 129536K, 12% used [0x00000000c0000000,0x00000000c0f44cc0,0x00000000c7e80000)
 Metaspace       used 5439K, capacity 6832K, committed 7040K, reserved 1056768K
  class space    used 559K, capacity 616K, committed 640K, reserved 1048576K
}
Event: 1.906 GC heap before
{Heap before GC invocations=16 (full 0):
 PSYoungGen      total 36864K, used 36640K [0x00000000eab00000, 0x00000000ee780000, 0x0000000100000000)
  eden space 32256K, 100% used [0x00000000eab00000,0x00000000eca80000,0x00000000eca80000)
  from space 4608K, 95% used [0x00000000eca80000,0x00000000ecec8268,0x00000000ecf00000)
  to   space 5120K, 0% used [0x00000000ee280000,0x00000000ee280000,0x00000000ee780000)
 ParOldGen       total 129536K, used 15635K [0x00000000c0000000, 0x00000000c7e80000, 0x00000000eab00000)
  object space 129536K, 12% used [0x00000000c0000000,0x00000000c0f44cc0,0x00000000c7e80000)
 Metaspace       used 5445K, capacity 6832K, committed 7040K, reserved 1056768K
  class space    used 559K, capacity 616K, committed 640K, reserved 1048576K
Event: 1.927 GC heap after
Heap after GC invocations=16 (full 0):
 PSYoungGen      total 55808K, used 4670K [0x00000000eab00000, 0x00000000ee980000, 0x0000000100000000)
  eden space 50688K, 0% used [0x00000000eab00000,0x00000000eab00000,0x00000000edc80000)
  from space 5120K, 91% used [0x00000000ee280000,0x00000000ee70f850,0x00000000ee780000)
  to   space 6144K, 0% used [0x00000000edc80000,0x00000000edc80000,0x00000000ee280000)
 ParOldGen       total 129536K, used 19776K [0x00000000c0000000, 0x00000000c7e80000, 0x00000000eab00000)
  object space 129536K, 15% used [0x00000000c0000000,0x00000000c1350330,0x00000000c7e80000)
 Metaspace       used 5445K, capacity 6832K, committed 7040K, reserved 1056768K
  class space    used 559K, capacity 616K, committed 640K, reserved 1048576K
}

Deoptimization events (10 events):
Event: 1.964 Thread 0x00000000025df000 Uncommon trap: reason=bimorphic action=maybe_recompile pc=0x00000000030026b4 method=com.android.dx.cf.code.BytecodeArray.parseInstruction(ILcom/android/dx/cf/code/BytecodeArray$Visitor;)I @ 1597
Event: 2.139 Thread 0x00000000025df000 Uncommon trap: reason=class_check action=maybe_recompile pc=0x0000000002f7ca14 method=java.util.Arrays.hashCode([Ljava/lang/Object;)I @ 43
Event: 2.139 Thread 0x00000000025df000 Uncommon trap: reason=class_check action=maybe_recompile pc=0x0000000002f7ca14 method=java.util.Arrays.hashCode([Ljava/lang/Object;)I @ 43
Event: 2.139 Thread 0x00000000025df000 Uncommon trap: reason=class_check action=maybe_recompile pc=0x0000000002f7ca14 method=java.util.Arrays.hashCode([Ljava/lang/Object;)I @ 43
Event: 2.139 Thread 0x00000000025df000 Uncommon trap: reason=class_check action=maybe_recompile pc=0x0000000002f7ca14 method=java.util.Arrays.hashCode([Ljava/lang/Object;)I @ 43
Event: 2.139 Thread 0x00000000025df000 Uncommon trap: reason=class_check action=maybe_recompile pc=0x0000000002f7b008 method=java.util.Arrays.hashCode([Ljava/lang/Object;)I @ 43
Event: 2.285 Thread 0x00000000025df000 Uncommon trap: reason=class_check action=maybe_recompile pc=0x0000000002e2f624 method=com.android.dx.util.FixedSizeList.equals(Ljava/lang/Object;)Z @ 25
Event: 2.290 Thread 0x00000000025df000 Uncommon trap: reason=class_check action=maybe_recompile pc=0x0000000002e2f624 method=com.android.dx.util.FixedSizeList.equals(Ljava/lang/Object;)Z @ 25
Event: 2.290 Thread 0x00000000025df000 Uncommon trap: reason=class_check action=maybe_recompile pc=0x0000000002e2f624 method=com.android.dx.util.FixedSizeList.equals(Ljava/lang/Object;)Z @ 25
Event: 2.290 Thread 0x00000000025df000 Uncommon trap: reason=class_check action=maybe_recompile pc=0x0000000002e2f624 method=com.android.dx.util.FixedSizeList.equals(Ljava/lang/Object;)Z @ 25

Internal exceptions (7 events):
Event: 0.022 Thread 0x00000000025df000 Exception <a 'java/lang/NoSuchMethodError': Method sun.misc.Unsafe.defineClass(Ljava/lang/String;[BII)Ljava/lang/Class; name or signature does not match> (0x00000000eab0f418) thrown at [D:\re\workspace\8-2-build-windows-amd64-cygwin\jdk8u5\2488\hotspot\srcæl–[–?
Event: 0.022 Thread 0x00000000025df000 Exception <a 'java/lang/NoSuchMethodError': Method sun.misc.Unsafe.prefetchRead(Ljava/lang/Object;J)V name or signature does not match> (0x00000000eab0f6a8) thrown at [D:\re\workspace\8-2-build-windows-amd64-cygwin\jdk8u5\2488\hotspot\src\share\vm\prims\jn°¿ýã½OÞ?
Event: 0.474 Thread 0x00000000025df000 Implicit null exception at 0x0000000002d9bfca to 0x0000000002d9dd8d
Event: 0.747 Thread 0x00000000025df000 Implicit null exception at 0x0000000002d945f5 to 0x0000000002d96309
Event: 1.299 Thread 0x00000000025df000 Exception <a 'java/lang/ArrayIndexOutOfBoundsException': 18> (0x00000000eadfb5d0) thrown at [D:\re\workspace\8-2-build-windows-amd64-cygwin\jdk8u5\2488\hotspot\src\share\vm\interpreter\interpreterRuntime.cpp, line 337]
Event: 1.300 Thread 0x00000000025df000 Exception <a 'java/lang/ArrayIndexOutOfBoundsException'> (0x00000000eadfd068) thrown at [D:\re\workspace\8-2-build-windows-amd64-cygwin\jdk8u5\2488\hotspot\src\share\vm\runtime\sharedRuntime.cpp, line 595]
Event: 1.302 Thread 0x00000000025df000 Exception <a 'java/lang/ArrayIndexOutOfBoundsException'> (0x00000000eadfe280) thrown at [D:\re\workspace\8-2-build-windows-amd64-cygwin\jdk8u5\2488\hotspot\src\share\vm\runtime\sharedRuntime.cpp, line 595]

Events (10 events):
Event: 2.328 Thread 0x00000000025df000 DEOPT PACKING pc=0x00000000030ae6c6 sp=0x0000000002a2f040
Event: 2.328 Thread 0x00000000025df000 DEOPT UNPACKING pc=0x0000000002a77604 sp=0x0000000002a2edc8 mode 0
Event: 2.329 Thread 0x00000000025df000 DEOPT PACKING pc=0x00000000030af0fc sp=0x0000000002a2ef50
Event: 2.329 Thread 0x00000000025df000 DEOPT UNPACKING pc=0x0000000002a77604 sp=0x0000000002a2eca8 mode 0
Event: 2.330 Thread 0x00000000025df000 DEOPT PACKING pc=0x00000000030afdf1 sp=0x0000000002a2f020
Event: 2.330 Thread 0x00000000025df000 DEOPT UNPACKING pc=0x0000000002a77604 sp=0x0000000002a2eda8 mode 0
Event: 2.332 Thread 0x00000000025df000 DEOPT PACKING pc=0x00000000030b0c91 sp=0x0000000002a2eff0
Event: 2.332 Thread 0x00000000025df000 DEOPT UNPACKING pc=0x0000000002a77604 sp=0x0000000002a2edb8 mode 0
Event: 2.333 Thread 0x00000000025df000 DEOPT PACKING pc=0x00000000030b1cbe sp=0x0000000002a2f0b0
Event: 2.333 Thread 0x00000000025df000 DEOPT UNPACKING pc=0x0000000002a77604 sp=0x0000000002a2ee20 mode 0


Dynamic libraries:
0x000000013f200000 - 0x000000013f234000 	C:\Windows\system32\java.exe
0x0000000076cf0000 - 0x0000000076e99000 	C:\Windows\SYSTEM32\ntdll.dll
0x0000000076870000 - 0x000000007698f000 	C:\Windows\system32\kernel32.dll
0x000007fefd240000 - 0x000007fefd2ac000 	C:\Windows\system32\KERNELBASE.dll
0x000007fefee70000 - 0x000007fefef4b000 	C:\Windows\system32\ADVAPI32.dll
0x000007fefd7d0000 - 0x000007fefd86f000 	C:\Windows\system32\msvcrt.dll
0x000007fefd870000 - 0x000007fefd88f000 	C:\Windows\SYSTEM32\sechost.dll
0x000007fefda70000 - 0x000007fefdb9d000 	C:\Windows\system32\RPCRT4.dll
0x0000000076770000 - 0x000000007686a000 	C:\Windows\system32\USER32.dll
0x000007fefee00000 - 0x000007fefee67000 	C:\Windows\system32\GDI32.dll
0x000007fefda60000 - 0x000007fefda6e000 	C:\Windows\system32\LPK.dll
0x000007fefd8e0000 - 0x000007fefd9a9000 	C:\Windows\system32\USP10.dll
0x000007fefbaf0000 - 0x000007fefbce4000 	C:\Windows\WinSxS\amd64_microsoft.windows.common-controls_6595b64144ccf1df_6.0.7601.17514_none_fa396087175ac9ac\COMCTL32.dll
0x000007fefd9b0000 - 0x000007fefda21000 	C:\Windows\system32\SHLWAPI.dll
0x000007fefda30000 - 0x000007fefda5e000 	C:\Windows\system32\IMM32.DLL
0x000007fefe9b0000 - 0x000007fefeab9000 	C:\Windows\system32\MSCTF.dll
0x000007fefd110000 - 0x000007fefd142000 	C:\Windows\system32\nvinitx.dll
0x0000000050050000 - 0x0000000050122000 	C:\Program Files\Java\jre8\bin\msvcr100.dll
0x000000006fe00000 - 0x000000007062a000 	C:\Program Files\Java\jre8\bin\server\jvm.dll
0x000007fef4200000 - 0x000007fef4209000 	C:\Windows\system32\WSOCK32.dll
0x000007fefd890000 - 0x000007fefd8dd000 	C:\Windows\system32\WS2_32.dll
0x000007fefeff0000 - 0x000007fefeff8000 	C:\Windows\system32\NSI.dll
0x000007fefa340000 - 0x000007fefa37b000 	C:\Windows\system32\WINMM.dll
0x0000000076eb0000 - 0x0000000076eb7000 	C:\Windows\system32\PSAPI.DLL
0x000000006d8f0000 - 0x000000006d8ff000 	C:\Program Files\Java\jre8\bin\verify.dll
0x0000000053c20000 - 0x0000000053c48000 	C:\Program Files\Java\jre8\bin\java.dll
0x00000000551b0000 - 0x00000000551c6000 	C:\Program Files\Java\jre8\bin\zip.dll
0x000007fefdc20000 - 0x000007fefe9a8000 	C:\Windows\system32\SHELL32.dll
0x000007fefd520000 - 0x000007fefd723000 	C:\Windows\system32\ole32.dll
0x000007fefd150000 - 0x000007fefd15f000 	C:\Windows\system32\profapi.dll
0x000007fee6350000 - 0x000007fee6475000 	C:\Windows\system32\dbghelp.dll

VM Arguments:
jvm_args: -Xmx1024M -Xss1m -Djava.ext.dirs=D:\Other Applications\Android\Android Studio\sdk\build-tools\19.1.0\lib 
java_command: D:\Other Applications\Android\Android Studio\sdk\build-tools\19.1.0\lib\dx.jar --dex --output D:\Programming\PassDoodle\Unsecure Version\PassDoodle-Unsecure\app\build\intermediates\pre-dexed\debug\classes-edc12be77476e6d376715a476819da89a205376e.jar D:\Programming\PassDoodle\Unsecure Version\PassDoodle-Unsecure\build\intermediates\exploded-aar\com.android.support\appcompat-v7\19.1.0\classes.jar
java_class_path (initial): D:\Other Applications\Android\Android Studio\sdk\build-tools\19.1.0\lib\dx.jar
Launcher Type: SUN_STANDARD

Environment Variables:
PATH=C:\Program Files (x86)\NVIDIA Corporation\PhysX\Common;D:\Programming\Languages\Ruby200-x64\bin;C:\Program Files\Common Files\Microsoft Shared\Windows Live;C:\Windows\system32;C:\Windows;C:\Windows\System32\Wbem;C:\Windows\System32\WindowsPowerShell\v1.0\;C:\Program Files (x86)\Intel\OpenCL SDK\2.0\bin\x86;C:\Program Files (x86)\Intel\OpenCL SDK\2.0\bin\x64;D:\Other Applications\TortoiseGit\bin;D:\Other Applications\Java\jre7\bin;D:\Other Applications\cygwin;C:\Program Files\Microsoft SQL Server\110\Tools\Binn\;C:\cygwin64\bin\;D:\Other Applications\Git\cmd;D:\Other Applications\Git\bin;C:\Program Files (x86)\QuickTime\QTSystem\;D:\Other Applications\MySQL\MySQL Enterprise Backup 3.10.1\;D:\Other Applications\MySQL\MySQL Utilities 1.3.6\;D:\Strawberry\perl\bin;D:\Strawberry\perl\site\bin;D:\Strawberry\c\bin;C:\Program Files\Common Files\Microsoft Shared\Windows Live;D:\Game Applications\Distribution Platforms\Steam;C:\cygwin64\bin;D:\Other Applications\Atmel\Flip 3.4.7\bin;D:\Other Applications\Python;.;;.;
USERNAME=Tony
OS=Windows_NT
PROCESSOR_IDENTIFIER=Intel64 Family 6 Model 42 Stepping 7, GenuineIntel



---------------  S Y S T E M  ---------------

OS: Windows 7 , 64 bit Build 7601 Service Pack 1

CPU:total 4 (4 cores per cpu, 1 threads per core) family 6 model 42 stepping 7, cmov, cx8, fxsr, mmx, sse, sse2, sse3, ssse3, sse4.1, sse4.2, popcnt, avx, aes, clmul, tsc, tscinvbit

Memory: 4k page, physical 8298008k(3036092k free), swap 16594152k(9701960k free)

vm_info: Java HotSpot(TM) 64-Bit Server VM (25.5-b02) for windows-amd64 JRE (1.8.0_05-b13), built on Mar 18 2014 01:08:39 by "java_re" with MS VC++ 10.0 (VS2010)

time: Mon Jun 16 17:42:30 2014
elapsed time: 2 seconds

